{
  "stats": {
    "suites": 1,
    "tests": 1,
    "passes": 1,
    "pending": 0,
    "failures": 0,
    "start": "2025-04-03T01:54:30.707Z",
    "end": "2025-04-03T01:55:10.213Z",
    "duration": 39506,
    "testsRegistered": 1,
    "passPercent": 100,
    "pendingPercent": 0,
    "other": 0,
    "hasOther": false,
    "skipped": 0,
    "hasSkipped": false
  },
  "results": [
    {
      "uuid": "4a176b04-fd14-46ec-8141-f055c458844f",
      "title": "",
      "fullFile": "cypress\\e2e\\consultar_evento.cy.js",
      "file": "cypress\\e2e\\consultar_evento.cy.js",
      "beforeHooks": [],
      "afterHooks": [],
      "tests": [],
      "suites": [
        {
          "uuid": "0ac3903d-84fe-4bd3-a36a-ec549a5ea132",
          "title": "Buscar por Produto",
          "fullFile": "",
          "file": "",
          "beforeHooks": [],
          "afterHooks": [],
          "tests": [
            {
              "title": "Buscar produto com o termo \"Carros\"",
              "fullTitle": "Buscar por Produto Buscar produto com o termo \"Carros\"",
              "timedOut": null,
              "duration": 37582,
              "state": "passed",
              "speed": "slow",
              "pass": true,
              "fail": false,
              "pending": false,
              "context": null,
              "code": "cy.wait(1000);\n_ConsultarEventoPage.default.buscarProduto('Carros');\n_ConsultarEventoPage.default.aplicarFiltro('filtro', 'leilao');\n_ConsultarEventoPage.default.aplicarFiltro('filtro', 'carros');\n_ConsultarEventoPage.default.verificarURLContem('filter=auction.modalityDesc:leilao');\n_ConsultarEventoPage.default.verificarURLContem('product.subCategory.category.description:carros');",
              "err": {},
              "uuid": "318620c7-a041-4e33-8bb2-1bcbb8479a08",
              "parentUUID": "0ac3903d-84fe-4bd3-a36a-ec549a5ea132",
              "isHook": false,
              "skipped": false
            }
          ],
          "suites": [],
          "passes": [
            "318620c7-a041-4e33-8bb2-1bcbb8479a08"
          ],
          "failures": [],
          "pending": [],
          "skipped": [],
          "duration": 37582,
          "root": false,
          "rootEmpty": false,
          "_timeout": 2000
        }
      ],
      "passes": [],
      "failures": [],
      "pending": [],
      "skipped": [],
      "duration": 0,
      "root": true,
      "rootEmpty": true,
      "_timeout": 2000
    }
  ],
  "meta": {
    "mocha": {
      "version": "7.0.1"
    },
    "mochawesome": {
      "options": {
        "quiet": false,
        "reportFilename": "mochawesome",
        "saveHtml": true,
        "saveJson": true,
        "consoleReporter": "spec",
        "useInlineDiffs": false,
        "code": true
      },
      "version": "7.1.3"
    },
    "marge": {
      "options": {
        "reportDir": "cypress/reports",
        "overwrite": false,
        "html": true,
        "json": true
      },
      "version": "6.2.0"
    }
  }
}