{
  "stats": {
    "suites": 1,
    "tests": 1,
    "passes": 1,
    "pending": 0,
    "failures": 0,
    "start": "2025-04-03T02:12:00.872Z",
    "end": "2025-04-03T02:12:39.481Z",
    "duration": 38609,
    "testsRegistered": 1,
    "passPercent": 100,
    "pendingPercent": 0,
    "other": 0,
    "hasOther": false,
    "skipped": 0,
    "hasSkipped": false
  },
  "results": [
    {
      "uuid": "8647ef11-5920-409b-8b9a-511b4c04cb71",
      "title": "",
      "fullFile": "cypress\\e2e\\consultar_evento.cy.js",
      "file": "cypress\\e2e\\consultar_evento.cy.js",
      "beforeHooks": [],
      "afterHooks": [],
      "tests": [],
      "suites": [
        {
          "uuid": "5b2836c5-f682-4613-9534-0595fb2d5883",
          "title": "Buscar por Produto",
          "fullFile": "",
          "file": "",
          "beforeHooks": [],
          "afterHooks": [],
          "tests": [
            {
              "title": "Buscar produto com o termo \"Carros\"",
              "fullTitle": "Buscar por Produto Buscar produto com o termo \"Carros\"",
              "timedOut": null,
              "duration": 36731,
              "state": "passed",
              "speed": "slow",
              "pass": true,
              "fail": false,
              "pending": false,
              "context": null,
              "code": "cy.wait(1000);\n_ConsultarEventoPage.default.buscarProduto('Carros');\n_ConsultarEventoPage.default.aplicarFiltro('filtro', 'leilao');\n_ConsultarEventoPage.default.aplicarFiltro('filtro', 'carros');\n_ConsultarEventoPage.default.verificarURLContem('filter=auction.modalityDesc:leilao');\n_ConsultarEventoPage.default.verificarURLContem('product.subCategory.category.description:carros');",
              "err": {},
              "uuid": "7973a9ca-4c30-44f1-8891-4a6d92a7d23d",
              "parentUUID": "5b2836c5-f682-4613-9534-0595fb2d5883",
              "isHook": false,
              "skipped": false
            }
          ],
          "suites": [],
          "passes": [
            "7973a9ca-4c30-44f1-8891-4a6d92a7d23d"
          ],
          "failures": [],
          "pending": [],
          "skipped": [],
          "duration": 36731,
          "root": false,
          "rootEmpty": false,
          "_timeout": 2000
        }
      ],
      "passes": [],
      "failures": [],
      "pending": [],
      "skipped": [],
      "duration": 0,
      "root": true,
      "rootEmpty": true,
      "_timeout": 2000
    }
  ],
  "meta": {
    "mocha": {
      "version": "7.0.1"
    },
    "mochawesome": {
      "options": {
        "quiet": false,
        "reportFilename": "mochawesome",
        "saveHtml": true,
        "saveJson": true,
        "consoleReporter": "spec",
        "useInlineDiffs": false,
        "code": true
      },
      "version": "7.1.3"
    },
    "marge": {
      "options": {
        "reportDir": "cypress/reports",
        "overwrite": false,
        "html": true,
        "json": true
      },
      "version": "6.2.0"
    }
  }
}